<?xml version="1.0" encoding="UTF-8"?>
<!-- Generated by org.testng.reporters.JUnitReportReporter -->
<testsuite skipped="0" hostname="LAPTOP-OHIJTQNA" name="com.qa.acti.base.DriverScript" tests="1" failures="0" timestamp="10 Apr 2021 00:05:06 GMT" time="5.090" errors="0">
  <testcase name="initApplication" time="5.090" classname="com.qa.acti.base.DriverScript"/>
</testsuite> <!-- com.qa.acti.base.DriverScript -->
